<?xml version="1.0" encoding="UTF-8"?>
<!-- Generated by org.testng.reporters.JUnitXMLReporter -->
<testsuite hostname="YY090802" name="TestDebug" tests="14" failures="2" timestamp="10 Jan 2018 03:53:54 GMT" time="1289.994" errors="0">
  <testcase name="@AfterMethod afterMethod" time="0.0" classname="com.test.testcase.Candle">
    <failure type="org.openqa.selenium.NoSuchElementException" message="An element could not be located on the page using the given search parameters. (WARNING: The server did not provide any stacktrace information)
Command duration or timeout: 422 milliseconds
For documentation on this error, please visit: http://seleniumhq.org/exceptions/no_such_element.html
Build info: version: &amp;apos;2.44.0&amp;apos;, revision: &amp;apos;76d78cf&amp;apos;, time: &amp;apos;2014-10-23 20:03:00&amp;apos;
System info: host: &amp;apos;YY090802&amp;apos;, ip: &amp;apos;192.168.3.32&amp;apos;, os.name: &amp;apos;Windows 7&amp;apos;, os.arch: &amp;apos;x86&amp;apos;, os.version: &amp;apos;6.1&amp;apos;, java.version: &amp;apos;1.7.0_45&amp;apos;
Session ID: 1a0ccdb1-44da-4d6f-8fea-81fd5ffd84a9
Driver info: io.appium.java_client.android.AndroidDriver
Capabilities [{automationName=Appium, platform=WINDOWS, javascriptEnabled=true, appActivity=.SmartHomeMainActivity, browserName=Android, networkConnectionEnabled=true, noSign=true, udid=3DN4C16419025167, desired={automationName=Appium, platform=WINDOWS, appActivity=.SmartHomeMainActivity, noSign=true, udid=3DN4C16419025167, appPackage=com.xiaomi.smarthome, noReset=true, newCommandTimeout=600, platformVersion=8.0.0, platformName=Android, deviceName=android Emulator, unicodeKeyboard=true, resetKeyboard=true}, locationContextEnabled=false, appPackage=com.xiaomi.smarthome, noReset=true, newCommandTimeout=600, platformVersion=6.0, databaseEnabled=false, deviceName=3DN4C16419025167, platformName=Android, webStorageEnabled=false, unicodeKeyboard=true, resetKeyboard=true, warnings={}, takesScreenshot=true}]">
      <![CDATA[org.openqa.selenium.NoSuchElementException: An element could not be located on the page using the given search parameters. (WARNING: The server did not provide any stacktrace information)
Command duration or timeout: 422 milliseconds
For documentation on this error, please visit: http://seleniumhq.org/exceptions/no_such_element.html
Build info: version: '2.44.0', revision: '76d78cf', time: '2014-10-23 20:03:00'
System info: host: 'YY090802', ip: '192.168.3.32', os.name: 'Windows 7', os.arch: 'x86', os.version: '6.1', java.version: '1.7.0_45'
Session ID: 1a0ccdb1-44da-4d6f-8fea-81fd5ffd84a9
Driver info: io.appium.java_client.android.AndroidDriver
Capabilities [{automationName=Appium, platform=WINDOWS, javascriptEnabled=true, appActivity=.SmartHomeMainActivity, browserName=Android, networkConnectionEnabled=true, noSign=true, udid=3DN4C16419025167, desired={automationName=Appium, platform=WINDOWS, appActivity=.SmartHomeMainActivity, noSign=true, udid=3DN4C16419025167, appPackage=com.xiaomi.smarthome, noReset=true, newCommandTimeout=600, platformVersion=8.0.0, platformName=Android, deviceName=android Emulator, unicodeKeyboard=true, resetKeyboard=true}, locationContextEnabled=false, appPackage=com.xiaomi.smarthome, noReset=true, newCommandTimeout=600, platformVersion=6.0, databaseEnabled=false, deviceName=3DN4C16419025167, platformName=Android, webStorageEnabled=false, unicodeKeyboard=true, resetKeyboard=true, warnings={}, takesScreenshot=true}]
	at org.openqa.selenium.remote.ErrorHandler.createThrowable(ErrorHandler.java:204)
	at org.openqa.selenium.remote.ErrorHandler.throwIfResponseFailed(ErrorHandler.java:156)
	at org.openqa.selenium.remote.RemoteWebDriver.execute(RemoteWebDriver.java:599)
	at io.appium.java_client.AppiumDriver.execute(AppiumDriver.java:180)
	at org.openqa.selenium.remote.RemoteWebDriver.findElement(RemoteWebDriver.java:352)
	at org.openqa.selenium.remote.RemoteWebDriver.findElementById(RemoteWebDriver.java:393)
	at org.openqa.selenium.By$ById.findElement(By.java:214)
	at org.openqa.selenium.remote.RemoteWebDriver.findElement(RemoteWebDriver.java:344)
	at com.dan.common.Element.find(Element.java:136)
	at com.dan.common.Element.get(Element.java:74)
	at com.dan.common.Element.click(Element.java:468)
	at com.dan.demo.BaseCase.goToMain(BaseCase.java:71)
	at com.test.testcase.BaseCaseTest.afterMethod(BaseCaseTest.java:50)
... Removed 29 stack frames]]>
    </failure>
  </testcase> <!-- @AfterMethod afterMethod -->
  <testcase name="@AfterClass afterClass" time="0.0" classname="com.test.testcase.Candle">
    <skipped/>
  </testcase> <!-- @AfterClass afterClass -->
  <testcase name="@BeforeClass springTestContextBeforeTestClass" time="0.0" classname="com.test.testcase.UniversalSet">
    <skipped/>
  </testcase> <!-- @BeforeClass springTestContextBeforeTestClass -->
  <testcase name="@BeforeClass springTestContextPrepareTestInstance" time="0.0" classname="com.test.testcase.UniversalSet">
    <skipped/>
  </testcase> <!-- @BeforeClass springTestContextPrepareTestInstance -->
  <testcase name="@BeforeClass beforeClass" time="0.0" classname="com.test.testcase.UniversalSet">
    <skipped/>
  </testcase> <!-- @BeforeClass beforeClass -->
  <testcase name="@BeforeMethod springTestContextBeforeTestMethod" time="0.0" classname="com.test.testcase.UniversalSet">
    <skipped/>
  </testcase> <!-- @BeforeMethod springTestContextBeforeTestMethod -->
  <testcase name="@AfterMethod afterMethod" time="0.0" classname="com.test.testcase.UniversalSet">
    <skipped/>
  </testcase> <!-- @AfterMethod afterMethod -->
  <testcase name="@BeforeMethod springTestContextBeforeTestMethod" time="0.0" classname="com.test.testcase.UniversalSet">
    <skipped/>
  </testcase> <!-- @BeforeMethod springTestContextBeforeTestMethod -->
  <testcase name="@AfterMethod afterMethod" time="0.0" classname="com.test.testcase.UniversalSet">
    <skipped/>
  </testcase> <!-- @AfterMethod afterMethod -->
  <testcase name="@AfterClass afterClass" time="0.0" classname="com.test.testcase.UniversalSet">
    <skipped/>
  </testcase> <!-- @AfterClass afterClass -->
  <testcase name="Delay1" time="83.401" classname="com.test.testcase.Candle"/>
  <testcase name="Delay2" time="9.427" classname="com.test.testcase.Candle"/>
  <testcase name="Delay3" time="80.25" classname="com.test.testcase.Candle"/>
  <testcase name="Switch1" time="178.367" classname="com.test.testcase.Candle"/>
  <testcase name="Switch2" time="67.789" classname="com.test.testcase.Candle"/>
  <testcase name="confirm" time="1.889" classname="com.test.testcase.Candle">
    <failure type="org.openqa.selenium.NoSuchElementException" message="An element could not be located on the page using the given search parameters. (WARNING: The server did not provide any stacktrace information)
Command duration or timeout: 93 milliseconds
For documentation on this error, please visit: http://seleniumhq.org/exceptions/no_such_element.html
Build info: version: &amp;apos;2.44.0&amp;apos;, revision: &amp;apos;76d78cf&amp;apos;, time: &amp;apos;2014-10-23 20:03:00&amp;apos;
System info: host: &amp;apos;YY090802&amp;apos;, ip: &amp;apos;192.168.3.32&amp;apos;, os.name: &amp;apos;Windows 7&amp;apos;, os.arch: &amp;apos;x86&amp;apos;, os.version: &amp;apos;6.1&amp;apos;, java.version: &amp;apos;1.7.0_45&amp;apos;
Session ID: 1a0ccdb1-44da-4d6f-8fea-81fd5ffd84a9
Driver info: io.appium.java_client.android.AndroidDriver
Capabilities [{automationName=Appium, platform=WINDOWS, javascriptEnabled=true, appActivity=.SmartHomeMainActivity, browserName=Android, networkConnectionEnabled=true, noSign=true, udid=3DN4C16419025167, desired={automationName=Appium, platform=WINDOWS, appActivity=.SmartHomeMainActivity, noSign=true, udid=3DN4C16419025167, appPackage=com.xiaomi.smarthome, noReset=true, newCommandTimeout=600, platformVersion=8.0.0, platformName=Android, deviceName=android Emulator, unicodeKeyboard=true, resetKeyboard=true}, locationContextEnabled=false, appPackage=com.xiaomi.smarthome, noReset=true, newCommandTimeout=600, platformVersion=6.0, databaseEnabled=false, deviceName=3DN4C16419025167, platformName=Android, webStorageEnabled=false, unicodeKeyboard=true, resetKeyboard=true, warnings={}, takesScreenshot=true}]">
      <![CDATA[org.openqa.selenium.NoSuchElementException: An element could not be located on the page using the given search parameters. (WARNING: The server did not provide any stacktrace information)
Command duration or timeout: 93 milliseconds
For documentation on this error, please visit: http://seleniumhq.org/exceptions/no_such_element.html
Build info: version: '2.44.0', revision: '76d78cf', time: '2014-10-23 20:03:00'
System info: host: 'YY090802', ip: '192.168.3.32', os.name: 'Windows 7', os.arch: 'x86', os.version: '6.1', java.version: '1.7.0_45'
Session ID: 1a0ccdb1-44da-4d6f-8fea-81fd5ffd84a9
Driver info: io.appium.java_client.android.AndroidDriver
Capabilities [{automationName=Appium, platform=WINDOWS, javascriptEnabled=true, appActivity=.SmartHomeMainActivity, browserName=Android, networkConnectionEnabled=true, noSign=true, udid=3DN4C16419025167, desired={automationName=Appium, platform=WINDOWS, appActivity=.SmartHomeMainActivity, noSign=true, udid=3DN4C16419025167, appPackage=com.xiaomi.smarthome, noReset=true, newCommandTimeout=600, platformVersion=8.0.0, platformName=Android, deviceName=android Emulator, unicodeKeyboard=true, resetKeyboard=true}, locationContextEnabled=false, appPackage=com.xiaomi.smarthome, noReset=true, newCommandTimeout=600, platformVersion=6.0, databaseEnabled=false, deviceName=3DN4C16419025167, platformName=Android, webStorageEnabled=false, unicodeKeyboard=true, resetKeyboard=true, warnings={}, takesScreenshot=true}]
	at org.openqa.selenium.remote.ErrorHandler.createThrowable(ErrorHandler.java:204)
	at org.openqa.selenium.remote.ErrorHandler.throwIfResponseFailed(ErrorHandler.java:156)
	at org.openqa.selenium.remote.RemoteWebDriver.execute(RemoteWebDriver.java:599)
	at io.appium.java_client.AppiumDriver.execute(AppiumDriver.java:180)
	at org.openqa.selenium.remote.RemoteWebDriver.findElement(RemoteWebDriver.java:352)
	at org.openqa.selenium.remote.RemoteWebDriver.findElementByXPath(RemoteWebDriver.java:449)
	at org.openqa.selenium.By$ByXPath.findElement(By.java:357)
	at org.openqa.selenium.remote.RemoteWebDriver.findElement(RemoteWebDriver.java:344)
	at com.dan.common.Element.find(Element.java:136)
	at com.dan.common.Element.findByName(Element.java:91)
	at com.dan.common.Element.get(Element.java:80)
	at com.dan.common.Element.click(Element.java:468)
	at com.test.testcase.Candle.confirm(Candle.java:150)
	at org.springframework.test.context.testng.AbstractTestNGSpringContextTests.run(AbstractTestNGSpringContextTests.java:157)
... Removed 33 stack frames]]>
    </failure>
  </testcase> <!-- confirm -->
  <testcase name="dimming1" time="13.654" classname="com.test.testcase.Candle"/>
  <testcase name="dimming2" time="6.568" classname="com.test.testcase.Candle"/>
  <testcase name="dimming3" time="6.553" classname="com.test.testcase.Candle"/>
  <testcase name="dimming4" time="28.726" classname="com.test.testcase.Candle"/>
  <testcase name="share" time="553.385" classname="com.test.testcase.Candle"/>
  <testcase name="swithch3" time="19.508" classname="com.test.testcase.Candle">
    <failure type="org.openqa.selenium.NoSuchElementException" message="An element could not be located on the page using the given search parameters. (WARNING: The server did not provide any stacktrace information)
Command duration or timeout: 47 milliseconds
For documentation on this error, please visit: http://seleniumhq.org/exceptions/no_such_element.html
Build info: version: &amp;apos;2.44.0&amp;apos;, revision: &amp;apos;76d78cf&amp;apos;, time: &amp;apos;2014-10-23 20:03:00&amp;apos;
System info: host: &amp;apos;YY090802&amp;apos;, ip: &amp;apos;192.168.3.32&amp;apos;, os.name: &amp;apos;Windows 7&amp;apos;, os.arch: &amp;apos;x86&amp;apos;, os.version: &amp;apos;6.1&amp;apos;, java.version: &amp;apos;1.7.0_45&amp;apos;
Session ID: 1a0ccdb1-44da-4d6f-8fea-81fd5ffd84a9
Driver info: io.appium.java_client.android.AndroidDriver
Capabilities [{automationName=Appium, platform=WINDOWS, javascriptEnabled=true, appActivity=.SmartHomeMainActivity, browserName=Android, networkConnectionEnabled=true, noSign=true, udid=3DN4C16419025167, desired={automationName=Appium, platform=WINDOWS, appActivity=.SmartHomeMainActivity, noSign=true, udid=3DN4C16419025167, appPackage=com.xiaomi.smarthome, noReset=true, newCommandTimeout=600, platformVersion=8.0.0, platformName=Android, deviceName=android Emulator, unicodeKeyboard=true, resetKeyboard=true}, locationContextEnabled=false, appPackage=com.xiaomi.smarthome, noReset=true, newCommandTimeout=600, platformVersion=6.0, databaseEnabled=false, deviceName=3DN4C16419025167, platformName=Android, webStorageEnabled=false, unicodeKeyboard=true, resetKeyboard=true, warnings={}, takesScreenshot=true}]">
      <![CDATA[org.openqa.selenium.NoSuchElementException: An element could not be located on the page using the given search parameters. (WARNING: The server did not provide any stacktrace information)
Command duration or timeout: 47 milliseconds
For documentation on this error, please visit: http://seleniumhq.org/exceptions/no_such_element.html
Build info: version: '2.44.0', revision: '76d78cf', time: '2014-10-23 20:03:00'
System info: host: 'YY090802', ip: '192.168.3.32', os.name: 'Windows 7', os.arch: 'x86', os.version: '6.1', java.version: '1.7.0_45'
Session ID: 1a0ccdb1-44da-4d6f-8fea-81fd5ffd84a9
Driver info: io.appium.java_client.android.AndroidDriver
Capabilities [{automationName=Appium, platform=WINDOWS, javascriptEnabled=true, appActivity=.SmartHomeMainActivity, browserName=Android, networkConnectionEnabled=true, noSign=true, udid=3DN4C16419025167, desired={automationName=Appium, platform=WINDOWS, appActivity=.SmartHomeMainActivity, noSign=true, udid=3DN4C16419025167, appPackage=com.xiaomi.smarthome, noReset=true, newCommandTimeout=600, platformVersion=8.0.0, platformName=Android, deviceName=android Emulator, unicodeKeyboard=true, resetKeyboard=true}, locationContextEnabled=false, appPackage=com.xiaomi.smarthome, noReset=true, newCommandTimeout=600, platformVersion=6.0, databaseEnabled=false, deviceName=3DN4C16419025167, platformName=Android, webStorageEnabled=false, unicodeKeyboard=true, resetKeyboard=true, warnings={}, takesScreenshot=true}]
	at org.openqa.selenium.remote.ErrorHandler.createThrowable(ErrorHandler.java:204)
	at org.openqa.selenium.remote.ErrorHandler.throwIfResponseFailed(ErrorHandler.java:156)
	at org.openqa.selenium.remote.RemoteWebDriver.execute(RemoteWebDriver.java:599)
	at io.appium.java_client.AppiumDriver.execute(AppiumDriver.java:180)
	at org.openqa.selenium.remote.RemoteWebDriver.findElement(RemoteWebDriver.java:352)
	at org.openqa.selenium.remote.RemoteWebDriver.findElementById(RemoteWebDriver.java:393)
	at org.openqa.selenium.By$ById.findElement(By.java:214)
	at org.openqa.selenium.remote.RemoteWebDriver.findElement(RemoteWebDriver.java:344)
	at com.dan.common.Element.find(Element.java:136)
	at com.dan.common.Element.get(Element.java:74)
	at com.dan.common.Element.click(Element.java:468)
	at com.test.testcase.Candle.swithch3(Candle.java:252)
	at org.springframework.test.context.testng.AbstractTestNGSpringContextTests.run(AbstractTestNGSpringContextTests.java:157)
... Removed 33 stack frames]]>
    </failure>
  </testcase> <!-- swithch3 -->
  <testcase name="Set1" time="0.015" classname="com.test.testcase.UniversalSet">
    <skipped/>
  </testcase> <!-- Set1 -->
  <testcase name="Set2" time="0.016" classname="com.test.testcase.UniversalSet">
    <skipped/>
  </testcase> <!-- Set2 -->
</testsuite> <!-- TestDebug -->
