<html>
<head>
<title>TestNG:  Default test</title>
<link href="../testng.css" rel="stylesheet" type="text/css" />
<link href="../my-testng.css" rel="stylesheet" type="text/css" />

<style type="text/css">
.log { display: none;} 
.stack-trace { display: none;} 
</style>
<script type="text/javascript">
<!--
function flip(e) {
  current = e.style.display;
  if (current == 'block') {
    e.style.display = 'none';
    return 0;
  }
  else {
    e.style.display = 'block';
    return 1;
  }
}

function toggleBox(szDivId, elem, msg1, msg2)
{
  var res = -1;  if (document.getElementById) {
    res = flip(document.getElementById(szDivId));
  }
  else if (document.all) {
    // this is the way old msie versions work
    res = flip(document.all[szDivId]);
  }
  if(elem) {
    if(res == 0) elem.innerHTML = msg1; else elem.innerHTML = msg2;
  }

}

function toggleAllBoxes() {
  if (document.getElementsByTagName) {
    d = document.getElementsByTagName('div');
    for (i = 0; i < d.length; i++) {
      if (d[i].className == 'log') {
        flip(d[i]);
      }
    }
  }
}

// -->
</script>

</head>
<body>
<h2 align='center'>Default test</h2><table border='1' align="center">
<tr>
<td>Tests passed/Failed/Skipped:</td><td>10/1/3</td>
</tr><tr>
<td>Started on:</td><td>Thu Jan 11 14:47:31 CST 2018</td>
</tr>
<tr><td>Total time:</td><td>815 seconds (815129 ms)</td>
</tr><tr>
<td>Included groups:</td><td></td>
</tr><tr>
<td>Excluded groups:</td><td></td>
</tr>
</table><p/>
<small><i>(Hover the method name to see the test class name)</i></small><p/>
<table width='100%' border='1' class='invocation-failed'>
<tr><td colspan='4' align='center'><b>FAILED CONFIGURATIONS</b></td></tr>
<tr><td><b>Test method</b></td>
<td width="30%"><b>Exception</b></td>
<td width="10%"><b>Time (seconds)</b></td>
<td><b>Instance</b></td>
</tr>
<tr>
<td title='com.test.testcase.Candle.afterMethod()'><b>afterMethod</b><br>Test class: com.test.testcase.Candle</td>
<td><div><pre>org.openqa.selenium.NoSuchElementException: An element could not be located on the page using the given search parameters. (WARNING: The server did not provide any stacktrace information)
Command duration or timeout: 188 milliseconds
For documentation on this error, please visit: http://seleniumhq.org/exceptions/no_such_element.html
Build info: version: &apos;2.44.0&apos;, revision: &apos;76d78cf&apos;, time: &apos;2014-10-23 20:03:00&apos;
System info: host: &apos;YY090802&apos;, ip: &apos;192.168.3.32&apos;, os.name: &apos;Windows 7&apos;, os.arch: &apos;x86&apos;, os.version: &apos;6.1&apos;, java.version: &apos;1.7.0_45&apos;
Session ID: e906274f-2e9a-4b75-9279-d994dba7c84d
Driver info: io.appium.java_client.android.AndroidDriver
Capabilities [{automationName=Appium, platform=WINDOWS, javascriptEnabled=true, appActivity=.SmartHomeMainActivity, browserName=Android, networkConnectionEnabled=true, noSign=true, udid=3DN4C16419025167, desired={automationName=Appium, platform=WINDOWS, appActivity=.SmartHomeMainActivity, noSign=true, udid=3DN4C16419025167, appPackage=com.xiaomi.smarthome, noReset=true, newCommandTimeout=600, platformVersion=8.0.0, platformName=Android, deviceName=android Emulator, unicodeKeyboard=true, resetKeyboard=true}, locationContextEnabled=false, appPackage=com.xiaomi.smarthome, noReset=true, newCommandTimeout=600, platformVersion=6.0, databaseEnabled=false, deviceName=3DN4C16419025167, platformName=Android, webStorageEnabled=false, unicodeKeyboard=true, resetKeyboard=true, warnings={}, takesScreenshot=true}]
	at sun.reflect.GeneratedConstructorAccessor17.newInstance(Unknown Source)
	at sun.reflect.DelegatingConstructorAccessorImpl.newInstance(Unknown Source)
	at java.lang.reflect.Constructor.newInstance(Unknown Source)
	at org.openqa.selenium.remote.ErrorHandler.createThrowable(ErrorHandler.java:204)
	at org.openqa.selenium.remote.ErrorHandler.throwIfResponseFailed(ErrorHandler.java:156)
	at org.openqa.selenium.remote.RemoteWebDriver.execute(RemoteWebDriver.java:599)
	at io.appium.java_client.AppiumDriver.execute(AppiumDriver.java:180)
	at org.openqa.selenium.remote.RemoteWebDriver.findElement(RemoteWebDriver.java:352)
	at org.openqa.selenium.remote.RemoteWebDriver.findElementById(RemoteWebDriver.java:393)
	at org.openqa.selenium.By$ById.findElement(By.java:214)
	at org.openqa.selenium.remote.RemoteWebDriver.findElement(RemoteWebDriver.java:344)
	at com.dan.common.Element.find(Element.java:136)
	at com.dan.common.Element.get(Element.java:74)
	at com.dan.common.Element.click(Element.java:469)
	at com.dan.demo.BaseCase.goToMain(BaseCase.java:71)
	at com.test.testcase.BaseCaseTest.afterMethod(BaseCaseTest.java:50)
	at sun.reflect.NativeMethodAccessorImpl.invoke0(Native Method)
	at sun.reflect.NativeMethodAccessorImpl.invoke(Unknown Source)
	at sun.reflect.DelegatingMethodAccessorImpl.invoke(Unknown Source)
	at java.lang.reflect.Method.invoke(Unknown Source)
	at org.testng.internal.MethodInvocationHelper.invokeMethod(MethodInvocationHelper.java:84)
	at org.testng.internal.Invoker.invokeConfigurationMethod(Invoker.java:564)
	at org.testng.internal.Invoker.invokeConfigurations(Invoker.java:213)
	at org.testng.internal.Invoker.invokeMethod(Invoker.java:786)
	at org.testng.internal.Invoker.invokeTestMethod(Invoker.java:901)
	at org.testng.internal.Invoker.invokeTestMethods(Invoker.java:1231)
	at org.testng.internal.TestMethodWorker.invokeTestMethods(TestMethodWorker.java:127)
	at org.testng.internal.TestMethodWorker.run(TestMethodWorker.java:111)
	at org.testng.TestRunner.privateRun(TestRunner.java:767)
	at org.testng.TestRunner.run(TestRunner.java:617)
	at org.testng.SuiteRunner.runTest(SuiteRunner.java:334)
	at org.testng.SuiteRunner.runSequentially(SuiteRunner.java:329)
	at org.testng.SuiteRunner.privateRun(SuiteRunner.java:291)
	at org.testng.SuiteRunner.run(SuiteRunner.java:240)
	at org.testng.SuiteRunnerWorker.runSuite(SuiteRunnerWorker.java:52)
	at org.testng.SuiteRunnerWorker.run(SuiteRunnerWorker.java:86)
	at org.testng.TestNG.runSuitesSequentially(TestNG.java:1224)
	at org.testng.TestNG.runSuitesLocally(TestNG.java:1149)
	at org.testng.TestNG.run(TestNG.java:1057)
	at org.testng.remote.RemoteTestNG.run(RemoteTestNG.java:111)
	at org.testng.remote.RemoteTestNG.initAndRun(RemoteTestNG.java:204)
	at org.testng.remote.RemoteTestNG.main(RemoteTestNG.java:175)
</pre></div><a href='#' onClick='toggleBox("stack-trace948638", this, "Click to show all stack frames", "Click to hide stack frames")'>Click to show all stack frames</a>
<div class='stack-trace' id='stack-trace948638'><pre>org.openqa.selenium.NoSuchElementException: An element could not be located on the page using the given search parameters. (WARNING: The server did not provide any stacktrace information)
Command duration or timeout: 188 milliseconds
For documentation on this error, please visit: http://seleniumhq.org/exceptions/no_such_element.html
Build info: version: &apos;2.44.0&apos;, revision: &apos;76d78cf&apos;, time: &apos;2014-10-23 20:03:00&apos;
System info: host: &apos;YY090802&apos;, ip: &apos;192.168.3.32&apos;, os.name: &apos;Windows 7&apos;, os.arch: &apos;x86&apos;, os.version: &apos;6.1&apos;, java.version: &apos;1.7.0_45&apos;
Session ID: e906274f-2e9a-4b75-9279-d994dba7c84d
Driver info: io.appium.java_client.android.AndroidDriver
Capabilities [{automationName=Appium, platform=WINDOWS, javascriptEnabled=true, appActivity=.SmartHomeMainActivity, browserName=Android, networkConnectionEnabled=true, noSign=true, udid=3DN4C16419025167, desired={automationName=Appium, platform=WINDOWS, appActivity=.SmartHomeMainActivity, noSign=true, udid=3DN4C16419025167, appPackage=com.xiaomi.smarthome, noReset=true, newCommandTimeout=600, platformVersion=8.0.0, platformName=Android, deviceName=android Emulator, unicodeKeyboard=true, resetKeyboard=true}, locationContextEnabled=false, appPackage=com.xiaomi.smarthome, noReset=true, newCommandTimeout=600, platformVersion=6.0, databaseEnabled=false, deviceName=3DN4C16419025167, platformName=Android, webStorageEnabled=false, unicodeKeyboard=true, resetKeyboard=true, warnings={}, takesScreenshot=true}]
	at sun.reflect.GeneratedConstructorAccessor17.newInstance(Unknown Source)
	at sun.reflect.DelegatingConstructorAccessorImpl.newInstance(Unknown Source)
	at java.lang.reflect.Constructor.newInstance(Unknown Source)
	at org.openqa.selenium.remote.ErrorHandler.createThrowable(ErrorHandler.java:204)
	at org.openqa.selenium.remote.ErrorHandler.throwIfResponseFailed(ErrorHandler.java:156)
	at org.openqa.selenium.remote.RemoteWebDriver.execute(RemoteWebDriver.java:599)
	at io.appium.java_client.AppiumDriver.execute(AppiumDriver.java:180)
	at org.openqa.selenium.remote.RemoteWebDriver.findElement(RemoteWebDriver.java:352)
	at org.openqa.selenium.remote.RemoteWebDriver.findElementById(RemoteWebDriver.java:393)
	at org.openqa.selenium.By$ById.findElement(By.java:214)
	at org.openqa.selenium.remote.RemoteWebDriver.findElement(RemoteWebDriver.java:344)
	at com.dan.common.Element.find(Element.java:136)
	at com.dan.common.Element.get(Element.java:74)
	at com.dan.common.Element.click(Element.java:469)
	at com.dan.demo.BaseCase.goToMain(BaseCase.java:71)
	at com.test.testcase.BaseCaseTest.afterMethod(BaseCaseTest.java:50)
	at sun.reflect.NativeMethodAccessorImpl.invoke0(Native Method)
	at sun.reflect.NativeMethodAccessorImpl.invoke(Unknown Source)
	at sun.reflect.DelegatingMethodAccessorImpl.invoke(Unknown Source)
	at java.lang.reflect.Method.invoke(Unknown Source)
	at org.testng.internal.MethodInvocationHelper.invokeMethod(MethodInvocationHelper.java:84)
	at org.testng.internal.Invoker.invokeConfigurationMethod(Invoker.java:564)
	at org.testng.internal.Invoker.invokeConfigurations(Invoker.java:213)
	at org.testng.internal.Invoker.invokeMethod(Invoker.java:786)
	at org.testng.internal.Invoker.invokeTestMethod(Invoker.java:901)
	at org.testng.internal.Invoker.invokeTestMethods(Invoker.java:1231)
	at org.testng.internal.TestMethodWorker.invokeTestMethods(TestMethodWorker.java:127)
	at org.testng.internal.TestMethodWorker.run(TestMethodWorker.java:111)
	at org.testng.TestRunner.privateRun(TestRunner.java:767)
	at org.testng.TestRunner.run(TestRunner.java:617)
	at org.testng.SuiteRunner.runTest(SuiteRunner.java:334)
	at org.testng.SuiteRunner.runSequentially(SuiteRunner.java:329)
	at org.testng.SuiteRunner.privateRun(SuiteRunner.java:291)
	at org.testng.SuiteRunner.run(SuiteRunner.java:240)
	at org.testng.SuiteRunnerWorker.runSuite(SuiteRunnerWorker.java:52)
	at org.testng.SuiteRunnerWorker.run(SuiteRunnerWorker.java:86)
	at org.testng.TestNG.runSuitesSequentially(TestNG.java:1224)
	at org.testng.TestNG.runSuitesLocally(TestNG.java:1149)
	at org.testng.TestNG.run(TestNG.java:1057)
	at org.testng.remote.RemoteTestNG.run(RemoteTestNG.java:111)
	at org.testng.remote.RemoteTestNG.initAndRun(RemoteTestNG.java:204)
	at org.testng.remote.RemoteTestNG.main(RemoteTestNG.java:175)
</pre></div></td>
<td>0</td>
<td>com.test.testcase.Candle@d54d3f</td></tr>
</table><p>
<table width='100%' border='1' class='invocation-skipped'>
<tr><td colspan='4' align='center'><b>SKIPPED CONFIGURATIONS</b></td></tr>
<tr><td><b>Test method</b></td>
<td width="30%"><b>Exception</b></td>
<td width="10%"><b>Time (seconds)</b></td>
<td><b>Instance</b></td>
</tr>
<tr>
<td title='com.test.testcase.Candle.springTestContextBeforeTestMethod()'><b>springTestContextBeforeTestMethod</b><br>Test class: com.test.testcase.Candle</td>
<td></td>
<td>0</td>
<td>com.test.testcase.Candle@d54d3f</td></tr>
<tr>
<td title='com.test.testcase.Candle.springTestContextBeforeTestMethod()'><b>springTestContextBeforeTestMethod</b><br>Test class: com.test.testcase.Candle</td>
<td></td>
<td>0</td>
<td>com.test.testcase.Candle@d54d3f</td></tr>
<tr>
<td title='com.test.testcase.Candle.springTestContextBeforeTestMethod()'><b>springTestContextBeforeTestMethod</b><br>Test class: com.test.testcase.Candle</td>
<td></td>
<td>0</td>
<td>com.test.testcase.Candle@d54d3f</td></tr>
<tr>
<td title='com.test.testcase.Candle.afterMethod()'><b>afterMethod</b><br>Test class: com.test.testcase.Candle</td>
<td></td>
<td>0</td>
<td>com.test.testcase.Candle@d54d3f</td></tr>
<tr>
<td title='com.test.testcase.Candle.afterMethod()'><b>afterMethod</b><br>Test class: com.test.testcase.Candle</td>
<td></td>
<td>0</td>
<td>com.test.testcase.Candle@d54d3f</td></tr>
<tr>
<td title='com.test.testcase.Candle.afterMethod()'><b>afterMethod</b><br>Test class: com.test.testcase.Candle</td>
<td></td>
<td>0</td>
<td>com.test.testcase.Candle@d54d3f</td></tr>
<tr>
<td title='com.test.testcase.Candle.afterClass()'><b>afterClass</b><br>Test class: com.test.testcase.Candle</td>
<td></td>
<td>0</td>
<td>com.test.testcase.Candle@d54d3f</td></tr>
</table><p>
<table width='100%' border='1' class='invocation-failed'>
<tr><td colspan='4' align='center'><b>FAILED TESTS</b></td></tr>
<tr><td><b>Test method</b></td>
<td width="30%"><b>Exception</b></td>
<td width="10%"><b>Time (seconds)</b></td>
<td><b>Instance</b></td>
</tr>
<tr>
<td title='com.test.testcase.Candle.switch1()'><b>switch1</b><br>Test class: com.test.testcase.Candle</td>
<td><div><pre>org.openqa.selenium.NoSuchElementException: An element could not be located on the page using the given search parameters. (WARNING: The server did not provide any stacktrace information)
Command duration or timeout: 656 milliseconds
For documentation on this error, please visit: http://seleniumhq.org/exceptions/no_such_element.html
Build info: version: &apos;2.44.0&apos;, revision: &apos;76d78cf&apos;, time: &apos;2014-10-23 20:03:00&apos;
System info: host: &apos;YY090802&apos;, ip: &apos;192.168.3.32&apos;, os.name: &apos;Windows 7&apos;, os.arch: &apos;x86&apos;, os.version: &apos;6.1&apos;, java.version: &apos;1.7.0_45&apos;
Session ID: e906274f-2e9a-4b75-9279-d994dba7c84d
Driver info: io.appium.java_client.android.AndroidDriver
Capabilities [{automationName=Appium, platform=WINDOWS, javascriptEnabled=true, appActivity=.SmartHomeMainActivity, browserName=Android, networkConnectionEnabled=true, noSign=true, udid=3DN4C16419025167, desired={automationName=Appium, platform=WINDOWS, appActivity=.SmartHomeMainActivity, noSign=true, udid=3DN4C16419025167, appPackage=com.xiaomi.smarthome, noReset=true, newCommandTimeout=600, platformVersion=8.0.0, platformName=Android, deviceName=android Emulator, unicodeKeyboard=true, resetKeyboard=true}, locationContextEnabled=false, appPackage=com.xiaomi.smarthome, noReset=true, newCommandTimeout=600, platformVersion=6.0, databaseEnabled=false, deviceName=3DN4C16419025167, platformName=Android, webStorageEnabled=false, unicodeKeyboard=true, resetKeyboard=true, warnings={}, takesScreenshot=true}]
	at sun.reflect.GeneratedConstructorAccessor17.newInstance(Unknown Source)
	at sun.reflect.DelegatingConstructorAccessorImpl.newInstance(Unknown Source)
	at java.lang.reflect.Constructor.newInstance(Unknown Source)
	at org.openqa.selenium.remote.ErrorHandler.createThrowable(ErrorHandler.java:204)
	at org.openqa.selenium.remote.ErrorHandler.throwIfResponseFailed(ErrorHandler.java:156)
	at org.openqa.selenium.remote.RemoteWebDriver.execute(RemoteWebDriver.java:599)
	at io.appium.java_client.AppiumDriver.execute(AppiumDriver.java:180)
	at org.openqa.selenium.remote.RemoteWebDriver.findElement(RemoteWebDriver.java:352)
	at org.openqa.selenium.remote.RemoteWebDriver.findElementById(RemoteWebDriver.java:393)
	at org.openqa.selenium.By$ById.findElement(By.java:214)
	at org.openqa.selenium.remote.RemoteWebDriver.findElement(RemoteWebDriver.java:344)
	at com.dan.common.Element.find(Element.java:136)
	at com.dan.common.Element.get(Element.java:74)
	at com.dan.common.Element.click(Element.java:469)
	at com.test.testcase.Candle.switch1(Candle.java:196)
	at sun.reflect.NativeMethodAccessorImpl.invoke0(Native Method)
	at sun.reflect.NativeMethodAccessorImpl.invoke(Unknown Source)
	at sun.reflect.DelegatingMethodAccessorImpl.invoke(Unknown Source)
	at java.lang.reflect.Method.invoke(Unknown Source)
	at org.testng.internal.MethodInvocationHelper.invokeMethod(MethodInvocationHelper.java:84)
	at org.testng.internal.MethodInvocationHelper$1.runTestMethod(MethodInvocationHelper.java:200)
	at org.springframework.test.context.testng.AbstractTestNGSpringContextTests.run(AbstractTestNGSpringContextTests.java:157)
	at sun.reflect.NativeMethodAccessorImpl.invoke0(Native Method)
	at sun.reflect.NativeMethodAccessorImpl.invoke(Unknown Source)
	at sun.reflect.DelegatingMethodAccessorImpl.invoke(Unknown Source)
	at java.lang.reflect.Method.invoke(Unknown Source)
	at org.testng.internal.MethodInvocationHelper.invokeHookable(MethodInvocationHelper.java:212)
	at org.testng.internal.Invoker.invokeMethod(Invoker.java:707)
	at org.testng.internal.Invoker.invokeTestMethod(Invoker.java:901)
	at org.testng.internal.Invoker.invokeTestMethods(Invoker.java:1231)
	at org.testng.internal.TestMethodWorker.invokeTestMethods(TestMethodWorker.java:127)
	at org.testng.internal.TestMethodWorker.run(TestMethodWorker.java:111)
	at org.testng.TestRunner.privateRun(TestRunner.java:767)
	at org.testng.TestRunner.run(TestRunner.java:617)
	at org.testng.SuiteRunner.runTest(SuiteRunner.java:334)
	at org.testng.SuiteRunner.runSequentially(SuiteRunner.java:329)
	at org.testng.SuiteRunner.privateRun(SuiteRunner.java:291)
	at org.testng.SuiteRunner.run(SuiteRunner.java:240)
	at org.testng.SuiteRunnerWorker.runSuite(SuiteRunnerWorker.java:52)
	at org.testng.SuiteRunnerWorker.run(SuiteRunnerWorker.java:86)
	at org.testng.TestNG.runSuitesSequentially(TestNG.java:1224)
	at org.testng.TestNG.runSuitesLocally(TestNG.java:1149)
	at org.testng.TestNG.run(TestNG.java:1057)
	at org.testng.remote.RemoteTestNG.run(RemoteTestNG.java:111)
	at org.testng.remote.RemoteTestNG.initAndRun(RemoteTestNG.java:204)
	at org.testng.remote.RemoteTestNG.main(RemoteTestNG.java:175)
</pre></div><a href='#' onClick='toggleBox("stack-trace9277390", this, "Click to show all stack frames", "Click to hide stack frames")'>Click to show all stack frames</a>
<div class='stack-trace' id='stack-trace9277390'><pre>org.openqa.selenium.NoSuchElementException: An element could not be located on the page using the given search parameters. (WARNING: The server did not provide any stacktrace information)
Command duration or timeout: 656 milliseconds
For documentation on this error, please visit: http://seleniumhq.org/exceptions/no_such_element.html
Build info: version: &apos;2.44.0&apos;, revision: &apos;76d78cf&apos;, time: &apos;2014-10-23 20:03:00&apos;
System info: host: &apos;YY090802&apos;, ip: &apos;192.168.3.32&apos;, os.name: &apos;Windows 7&apos;, os.arch: &apos;x86&apos;, os.version: &apos;6.1&apos;, java.version: &apos;1.7.0_45&apos;
Session ID: e906274f-2e9a-4b75-9279-d994dba7c84d
Driver info: io.appium.java_client.android.AndroidDriver
Capabilities [{automationName=Appium, platform=WINDOWS, javascriptEnabled=true, appActivity=.SmartHomeMainActivity, browserName=Android, networkConnectionEnabled=true, noSign=true, udid=3DN4C16419025167, desired={automationName=Appium, platform=WINDOWS, appActivity=.SmartHomeMainActivity, noSign=true, udid=3DN4C16419025167, appPackage=com.xiaomi.smarthome, noReset=true, newCommandTimeout=600, platformVersion=8.0.0, platformName=Android, deviceName=android Emulator, unicodeKeyboard=true, resetKeyboard=true}, locationContextEnabled=false, appPackage=com.xiaomi.smarthome, noReset=true, newCommandTimeout=600, platformVersion=6.0, databaseEnabled=false, deviceName=3DN4C16419025167, platformName=Android, webStorageEnabled=false, unicodeKeyboard=true, resetKeyboard=true, warnings={}, takesScreenshot=true}]
	at sun.reflect.GeneratedConstructorAccessor17.newInstance(Unknown Source)
	at sun.reflect.DelegatingConstructorAccessorImpl.newInstance(Unknown Source)
	at java.lang.reflect.Constructor.newInstance(Unknown Source)
	at org.openqa.selenium.remote.ErrorHandler.createThrowable(ErrorHandler.java:204)
	at org.openqa.selenium.remote.ErrorHandler.throwIfResponseFailed(ErrorHandler.java:156)
	at org.openqa.selenium.remote.RemoteWebDriver.execute(RemoteWebDriver.java:599)
	at io.appium.java_client.AppiumDriver.execute(AppiumDriver.java:180)
	at org.openqa.selenium.remote.RemoteWebDriver.findElement(RemoteWebDriver.java:352)
	at org.openqa.selenium.remote.RemoteWebDriver.findElementById(RemoteWebDriver.java:393)
	at org.openqa.selenium.By$ById.findElement(By.java:214)
	at org.openqa.selenium.remote.RemoteWebDriver.findElement(RemoteWebDriver.java:344)
	at com.dan.common.Element.find(Element.java:136)
	at com.dan.common.Element.get(Element.java:74)
	at com.dan.common.Element.click(Element.java:469)
	at com.test.testcase.Candle.switch1(Candle.java:196)
	at sun.reflect.NativeMethodAccessorImpl.invoke0(Native Method)
	at sun.reflect.NativeMethodAccessorImpl.invoke(Unknown Source)
	at sun.reflect.DelegatingMethodAccessorImpl.invoke(Unknown Source)
	at java.lang.reflect.Method.invoke(Unknown Source)
	at org.testng.internal.MethodInvocationHelper.invokeMethod(MethodInvocationHelper.java:84)
	at org.testng.internal.MethodInvocationHelper$1.runTestMethod(MethodInvocationHelper.java:200)
	at org.springframework.test.context.testng.AbstractTestNGSpringContextTests.run(AbstractTestNGSpringContextTests.java:157)
	at sun.reflect.NativeMethodAccessorImpl.invoke0(Native Method)
	at sun.reflect.NativeMethodAccessorImpl.invoke(Unknown Source)
	at sun.reflect.DelegatingMethodAccessorImpl.invoke(Unknown Source)
	at java.lang.reflect.Method.invoke(Unknown Source)
	at org.testng.internal.MethodInvocationHelper.invokeHookable(MethodInvocationHelper.java:212)
	at org.testng.internal.Invoker.invokeMethod(Invoker.java:707)
	at org.testng.internal.Invoker.invokeTestMethod(Invoker.java:901)
	at org.testng.internal.Invoker.invokeTestMethods(Invoker.java:1231)
	at org.testng.internal.TestMethodWorker.invokeTestMethods(TestMethodWorker.java:127)
	at org.testng.internal.TestMethodWorker.run(TestMethodWorker.java:111)
	at org.testng.TestRunner.privateRun(TestRunner.java:767)
	at org.testng.TestRunner.run(TestRunner.java:617)
	at org.testng.SuiteRunner.runTest(SuiteRunner.java:334)
	at org.testng.SuiteRunner.runSequentially(SuiteRunner.java:329)
	at org.testng.SuiteRunner.privateRun(SuiteRunner.java:291)
	at org.testng.SuiteRunner.run(SuiteRunner.java:240)
	at org.testng.SuiteRunnerWorker.runSuite(SuiteRunnerWorker.java:52)
	at org.testng.SuiteRunnerWorker.run(SuiteRunnerWorker.java:86)
	at org.testng.TestNG.runSuitesSequentially(TestNG.java:1224)
	at org.testng.TestNG.runSuitesLocally(TestNG.java:1149)
	at org.testng.TestNG.run(TestNG.java:1057)
	at org.testng.remote.RemoteTestNG.run(RemoteTestNG.java:111)
	at org.testng.remote.RemoteTestNG.initAndRun(RemoteTestNG.java:204)
	at org.testng.remote.RemoteTestNG.main(RemoteTestNG.java:175)
</pre></div></td>
<td>22</td>
<td>com.test.testcase.Candle@d54d3f</td></tr>
</table><p>
<table width='100%' border='1' class='invocation-passed'>
<tr><td colspan='4' align='center'><b>PASSED TESTS</b></td></tr>
<tr><td><b>Test method</b></td>
<td width="30%"><b>Exception</b></td>
<td width="10%"><b>Time (seconds)</b></td>
<td><b>Instance</b></td>
</tr>
<tr>
<td title='com.test.testcase.Candle.delay1()'><b>delay1</b><br>Test class: com.test.testcase.Candle</td>
<td></td>
<td>99</td>
<td>com.test.testcase.Candle@d54d3f</td></tr>
<tr>
<td title='com.test.testcase.Candle.delay2()'><b>delay2</b><br>Test class: com.test.testcase.Candle</td>
<td></td>
<td>41</td>
<td>com.test.testcase.Candle@d54d3f</td></tr>
<tr>
<td title='com.test.testcase.Candle.delay3()'><b>delay3</b><br>Test class: com.test.testcase.Candle</td>
<td></td>
<td>97</td>
<td>com.test.testcase.Candle@d54d3f</td></tr>
<tr>
<td title='com.test.testcase.Candle.dimming1()'><b>dimming1</b><br>Test class: com.test.testcase.Candle</td>
<td></td>
<td>17</td>
<td>com.test.testcase.Candle@d54d3f</td></tr>
<tr>
<td title='com.test.testcase.Candle.dimming2()'><b>dimming2</b><br>Test class: com.test.testcase.Candle</td>
<td></td>
<td>7</td>
<td>com.test.testcase.Candle@d54d3f</td></tr>
<tr>
<td title='com.test.testcase.Candle.dimming3()'><b>dimming3</b><br>Test class: com.test.testcase.Candle</td>
<td></td>
<td>6</td>
<td>com.test.testcase.Candle@d54d3f</td></tr>
<tr>
<td title='com.test.testcase.Candle.dimming4()'><b>dimming4</b><br>Test class: com.test.testcase.Candle</td>
<td></td>
<td>30</td>
<td>com.test.testcase.Candle@d54d3f</td></tr>
<tr>
<td title='com.test.testcase.Candle.share1()'><b>share1</b><br>Test class: com.test.testcase.Candle</td>
<td></td>
<td>360</td>
<td>com.test.testcase.Candle@d54d3f</td></tr>
<tr>
<td title='com.test.testcase.Candle.share2()'><b>share2</b><br>Test class: com.test.testcase.Candle</td>
<td></td>
<td>16</td>
<td>com.test.testcase.Candle@d54d3f</td></tr>
<tr>
<td title='com.test.testcase.Candle.share3()'><b>share3</b><br>Test class: com.test.testcase.Candle</td>
<td></td>
<td>18</td>
<td>com.test.testcase.Candle@d54d3f</td></tr>
</table><p>
<table width='100%' border='1' class='invocation-skipped'>
<tr><td colspan='4' align='center'><b>SKIPPED TESTS</b></td></tr>
<tr><td><b>Test method</b></td>
<td width="30%"><b>Exception</b></td>
<td width="10%"><b>Time (seconds)</b></td>
<td><b>Instance</b></td>
</tr>
<tr>
<td title='com.test.testcase.Candle.switch2()'><b>switch2</b><br>Test class: com.test.testcase.Candle</td>
<td></td>
<td>0</td>
<td>com.test.testcase.Candle@d54d3f</td></tr>
<tr>
<td title='com.test.testcase.Candle.switch3()'><b>switch3</b><br>Test class: com.test.testcase.Candle</td>
<td></td>
<td>0</td>
<td>com.test.testcase.Candle@d54d3f</td></tr>
<tr>
<td title='com.test.testcase.Candle.switch4()'><b>switch4</b><br>Test class: com.test.testcase.Candle</td>
<td></td>
<td>0</td>
<td>com.test.testcase.Candle@d54d3f</td></tr>
</table><p>
</body>
</html>