<?xml version="1.0" encoding="UTF-8"?>
<!-- Generated by org.testng.reporters.JUnitXMLReporter -->
<testsuite hostname="YY090802" name="Default test" tests="14" failures="1" timestamp="11 Jan 2018 07:01:06 GMT" time="815.129" errors="0">
  <testcase name="@AfterMethod afterMethod" time="0.0" classname="com.test.testcase.Candle">
    <failure type="org.openqa.selenium.NoSuchElementException" message="An element could not be located on the page using the given search parameters. (WARNING: The server did not provide any stacktrace information)
Command duration or timeout: 188 milliseconds
For documentation on this error, please visit: http://seleniumhq.org/exceptions/no_such_element.html
Build info: version: &amp;apos;2.44.0&amp;apos;, revision: &amp;apos;76d78cf&amp;apos;, time: &amp;apos;2014-10-23 20:03:00&amp;apos;
System info: host: &amp;apos;YY090802&amp;apos;, ip: &amp;apos;192.168.3.32&amp;apos;, os.name: &amp;apos;Windows 7&amp;apos;, os.arch: &amp;apos;x86&amp;apos;, os.version: &amp;apos;6.1&amp;apos;, java.version: &amp;apos;1.7.0_45&amp;apos;
Session ID: e906274f-2e9a-4b75-9279-d994dba7c84d
Driver info: io.appium.java_client.android.AndroidDriver
Capabilities [{automationName=Appium, platform=WINDOWS, javascriptEnabled=true, appActivity=.SmartHomeMainActivity, browserName=Android, networkConnectionEnabled=true, noSign=true, udid=3DN4C16419025167, desired={automationName=Appium, platform=WINDOWS, appActivity=.SmartHomeMainActivity, noSign=true, udid=3DN4C16419025167, appPackage=com.xiaomi.smarthome, noReset=true, newCommandTimeout=600, platformVersion=8.0.0, platformName=Android, deviceName=android Emulator, unicodeKeyboard=true, resetKeyboard=true}, locationContextEnabled=false, appPackage=com.xiaomi.smarthome, noReset=true, newCommandTimeout=600, platformVersion=6.0, databaseEnabled=false, deviceName=3DN4C16419025167, platformName=Android, webStorageEnabled=false, unicodeKeyboard=true, resetKeyboard=true, warnings={}, takesScreenshot=true}]">
      <![CDATA[org.openqa.selenium.NoSuchElementException: An element could not be located on the page using the given search parameters. (WARNING: The server did not provide any stacktrace information)
Command duration or timeout: 188 milliseconds
For documentation on this error, please visit: http://seleniumhq.org/exceptions/no_such_element.html
Build info: version: '2.44.0', revision: '76d78cf', time: '2014-10-23 20:03:00'
System info: host: 'YY090802', ip: '192.168.3.32', os.name: 'Windows 7', os.arch: 'x86', os.version: '6.1', java.version: '1.7.0_45'
Session ID: e906274f-2e9a-4b75-9279-d994dba7c84d
Driver info: io.appium.java_client.android.AndroidDriver
Capabilities [{automationName=Appium, platform=WINDOWS, javascriptEnabled=true, appActivity=.SmartHomeMainActivity, browserName=Android, networkConnectionEnabled=true, noSign=true, udid=3DN4C16419025167, desired={automationName=Appium, platform=WINDOWS, appActivity=.SmartHomeMainActivity, noSign=true, udid=3DN4C16419025167, appPackage=com.xiaomi.smarthome, noReset=true, newCommandTimeout=600, platformVersion=8.0.0, platformName=Android, deviceName=android Emulator, unicodeKeyboard=true, resetKeyboard=true}, locationContextEnabled=false, appPackage=com.xiaomi.smarthome, noReset=true, newCommandTimeout=600, platformVersion=6.0, databaseEnabled=false, deviceName=3DN4C16419025167, platformName=Android, webStorageEnabled=false, unicodeKeyboard=true, resetKeyboard=true, warnings={}, takesScreenshot=true}]
	at sun.reflect.GeneratedConstructorAccessor17.newInstance(Unknown Source)
	at sun.reflect.DelegatingConstructorAccessorImpl.newInstance(Unknown Source)
	at java.lang.reflect.Constructor.newInstance(Unknown Source)
	at org.openqa.selenium.remote.ErrorHandler.createThrowable(ErrorHandler.java:204)
	at org.openqa.selenium.remote.ErrorHandler.throwIfResponseFailed(ErrorHandler.java:156)
	at org.openqa.selenium.remote.RemoteWebDriver.execute(RemoteWebDriver.java:599)
	at io.appium.java_client.AppiumDriver.execute(AppiumDriver.java:180)
	at org.openqa.selenium.remote.RemoteWebDriver.findElement(RemoteWebDriver.java:352)
	at org.openqa.selenium.remote.RemoteWebDriver.findElementById(RemoteWebDriver.java:393)
	at org.openqa.selenium.By$ById.findElement(By.java:214)
	at org.openqa.selenium.remote.RemoteWebDriver.findElement(RemoteWebDriver.java:344)
	at com.dan.common.Element.find(Element.java:136)
	at com.dan.common.Element.get(Element.java:74)
	at com.dan.common.Element.click(Element.java:469)
	at com.dan.demo.BaseCase.goToMain(BaseCase.java:71)
	at com.test.testcase.BaseCaseTest.afterMethod(BaseCaseTest.java:50)
	at sun.reflect.NativeMethodAccessorImpl.invoke0(Native Method)
	at sun.reflect.NativeMethodAccessorImpl.invoke(Unknown Source)
	at sun.reflect.DelegatingMethodAccessorImpl.invoke(Unknown Source)
	at java.lang.reflect.Method.invoke(Unknown Source)
	at org.testng.internal.MethodInvocationHelper.invokeMethod(MethodInvocationHelper.java:84)
	at org.testng.internal.Invoker.invokeConfigurationMethod(Invoker.java:564)
	at org.testng.internal.Invoker.invokeConfigurations(Invoker.java:213)
	at org.testng.internal.Invoker.invokeMethod(Invoker.java:786)
	at org.testng.internal.Invoker.invokeTestMethod(Invoker.java:901)
	at org.testng.internal.Invoker.invokeTestMethods(Invoker.java:1231)
	at org.testng.internal.TestMethodWorker.invokeTestMethods(TestMethodWorker.java:127)
	at org.testng.internal.TestMethodWorker.run(TestMethodWorker.java:111)
	at org.testng.TestRunner.privateRun(TestRunner.java:767)
	at org.testng.TestRunner.run(TestRunner.java:617)
	at org.testng.SuiteRunner.runTest(SuiteRunner.java:334)
	at org.testng.SuiteRunner.runSequentially(SuiteRunner.java:329)
	at org.testng.SuiteRunner.privateRun(SuiteRunner.java:291)
	at org.testng.SuiteRunner.run(SuiteRunner.java:240)
	at org.testng.SuiteRunnerWorker.runSuite(SuiteRunnerWorker.java:52)
	at org.testng.SuiteRunnerWorker.run(SuiteRunnerWorker.java:86)
	at org.testng.TestNG.runSuitesSequentially(TestNG.java:1224)
	at org.testng.TestNG.runSuitesLocally(TestNG.java:1149)
	at org.testng.TestNG.run(TestNG.java:1057)
	at org.testng.remote.RemoteTestNG.run(RemoteTestNG.java:111)
	at org.testng.remote.RemoteTestNG.initAndRun(RemoteTestNG.java:204)
	at org.testng.remote.RemoteTestNG.main(RemoteTestNG.java:175)
]]>
    </failure>
  </testcase> <!-- @AfterMethod afterMethod -->
  <testcase name="@BeforeMethod springTestContextBeforeTestMethod" time="0.0" classname="com.test.testcase.Candle">
    <skipped/>
  </testcase> <!-- @BeforeMethod springTestContextBeforeTestMethod -->
  <testcase name="@AfterMethod afterMethod" time="0.0" classname="com.test.testcase.Candle">
    <skipped/>
  </testcase> <!-- @AfterMethod afterMethod -->
  <testcase name="@BeforeMethod springTestContextBeforeTestMethod" time="0.0" classname="com.test.testcase.Candle">
    <skipped/>
  </testcase> <!-- @BeforeMethod springTestContextBeforeTestMethod -->
  <testcase name="@AfterMethod afterMethod" time="0.0" classname="com.test.testcase.Candle">
    <skipped/>
  </testcase> <!-- @AfterMethod afterMethod -->
  <testcase name="@BeforeMethod springTestContextBeforeTestMethod" time="0.0" classname="com.test.testcase.Candle">
    <skipped/>
  </testcase> <!-- @BeforeMethod springTestContextBeforeTestMethod -->
  <testcase name="@AfterMethod afterMethod" time="0.0" classname="com.test.testcase.Candle">
    <skipped/>
  </testcase> <!-- @AfterMethod afterMethod -->
  <testcase name="@AfterClass afterClass" time="0.0" classname="com.test.testcase.Candle">
    <skipped/>
  </testcase> <!-- @AfterClass afterClass -->
  <testcase name="delay1" time="99.874" classname="com.test.testcase.Candle"/>
  <testcase name="delay2" time="41.971" classname="com.test.testcase.Candle"/>
  <testcase name="delay3" time="97.785" classname="com.test.testcase.Candle"/>
  <testcase name="dimming1" time="17.507" classname="com.test.testcase.Candle"/>
  <testcase name="dimming2" time="7.994" classname="com.test.testcase.Candle"/>
  <testcase name="dimming3" time="6.679" classname="com.test.testcase.Candle"/>
  <testcase name="dimming4" time="30.443" classname="com.test.testcase.Candle"/>
  <testcase name="share1" time="360.592" classname="com.test.testcase.Candle"/>
  <testcase name="share2" time="16.267" classname="com.test.testcase.Candle"/>
  <testcase name="share3" time="18.15" classname="com.test.testcase.Candle"/>
  <testcase name="switch1" time="22.098" classname="com.test.testcase.Candle">
    <failure type="org.openqa.selenium.NoSuchElementException" message="An element could not be located on the page using the given search parameters. (WARNING: The server did not provide any stacktrace information)
Command duration or timeout: 656 milliseconds
For documentation on this error, please visit: http://seleniumhq.org/exceptions/no_such_element.html
Build info: version: &amp;apos;2.44.0&amp;apos;, revision: &amp;apos;76d78cf&amp;apos;, time: &amp;apos;2014-10-23 20:03:00&amp;apos;
System info: host: &amp;apos;YY090802&amp;apos;, ip: &amp;apos;192.168.3.32&amp;apos;, os.name: &amp;apos;Windows 7&amp;apos;, os.arch: &amp;apos;x86&amp;apos;, os.version: &amp;apos;6.1&amp;apos;, java.version: &amp;apos;1.7.0_45&amp;apos;
Session ID: e906274f-2e9a-4b75-9279-d994dba7c84d
Driver info: io.appium.java_client.android.AndroidDriver
Capabilities [{automationName=Appium, platform=WINDOWS, javascriptEnabled=true, appActivity=.SmartHomeMainActivity, browserName=Android, networkConnectionEnabled=true, noSign=true, udid=3DN4C16419025167, desired={automationName=Appium, platform=WINDOWS, appActivity=.SmartHomeMainActivity, noSign=true, udid=3DN4C16419025167, appPackage=com.xiaomi.smarthome, noReset=true, newCommandTimeout=600, platformVersion=8.0.0, platformName=Android, deviceName=android Emulator, unicodeKeyboard=true, resetKeyboard=true}, locationContextEnabled=false, appPackage=com.xiaomi.smarthome, noReset=true, newCommandTimeout=600, platformVersion=6.0, databaseEnabled=false, deviceName=3DN4C16419025167, platformName=Android, webStorageEnabled=false, unicodeKeyboard=true, resetKeyboard=true, warnings={}, takesScreenshot=true}]">
      <![CDATA[org.openqa.selenium.NoSuchElementException: An element could not be located on the page using the given search parameters. (WARNING: The server did not provide any stacktrace information)
Command duration or timeout: 656 milliseconds
For documentation on this error, please visit: http://seleniumhq.org/exceptions/no_such_element.html
Build info: version: '2.44.0', revision: '76d78cf', time: '2014-10-23 20:03:00'
System info: host: 'YY090802', ip: '192.168.3.32', os.name: 'Windows 7', os.arch: 'x86', os.version: '6.1', java.version: '1.7.0_45'
Session ID: e906274f-2e9a-4b75-9279-d994dba7c84d
Driver info: io.appium.java_client.android.AndroidDriver
Capabilities [{automationName=Appium, platform=WINDOWS, javascriptEnabled=true, appActivity=.SmartHomeMainActivity, browserName=Android, networkConnectionEnabled=true, noSign=true, udid=3DN4C16419025167, desired={automationName=Appium, platform=WINDOWS, appActivity=.SmartHomeMainActivity, noSign=true, udid=3DN4C16419025167, appPackage=com.xiaomi.smarthome, noReset=true, newCommandTimeout=600, platformVersion=8.0.0, platformName=Android, deviceName=android Emulator, unicodeKeyboard=true, resetKeyboard=true}, locationContextEnabled=false, appPackage=com.xiaomi.smarthome, noReset=true, newCommandTimeout=600, platformVersion=6.0, databaseEnabled=false, deviceName=3DN4C16419025167, platformName=Android, webStorageEnabled=false, unicodeKeyboard=true, resetKeyboard=true, warnings={}, takesScreenshot=true}]
	at sun.reflect.GeneratedConstructorAccessor17.newInstance(Unknown Source)
	at sun.reflect.DelegatingConstructorAccessorImpl.newInstance(Unknown Source)
	at java.lang.reflect.Constructor.newInstance(Unknown Source)
	at org.openqa.selenium.remote.ErrorHandler.createThrowable(ErrorHandler.java:204)
	at org.openqa.selenium.remote.ErrorHandler.throwIfResponseFailed(ErrorHandler.java:156)
	at org.openqa.selenium.remote.RemoteWebDriver.execute(RemoteWebDriver.java:599)
	at io.appium.java_client.AppiumDriver.execute(AppiumDriver.java:180)
	at org.openqa.selenium.remote.RemoteWebDriver.findElement(RemoteWebDriver.java:352)
	at org.openqa.selenium.remote.RemoteWebDriver.findElementById(RemoteWebDriver.java:393)
	at org.openqa.selenium.By$ById.findElement(By.java:214)
	at org.openqa.selenium.remote.RemoteWebDriver.findElement(RemoteWebDriver.java:344)
	at com.dan.common.Element.find(Element.java:136)
	at com.dan.common.Element.get(Element.java:74)
	at com.dan.common.Element.click(Element.java:469)
	at com.test.testcase.Candle.switch1(Candle.java:196)
	at sun.reflect.NativeMethodAccessorImpl.invoke0(Native Method)
	at sun.reflect.NativeMethodAccessorImpl.invoke(Unknown Source)
	at sun.reflect.DelegatingMethodAccessorImpl.invoke(Unknown Source)
	at java.lang.reflect.Method.invoke(Unknown Source)
	at org.testng.internal.MethodInvocationHelper.invokeMethod(MethodInvocationHelper.java:84)
	at org.testng.internal.MethodInvocationHelper$1.runTestMethod(MethodInvocationHelper.java:200)
	at org.springframework.test.context.testng.AbstractTestNGSpringContextTests.run(AbstractTestNGSpringContextTests.java:157)
	at sun.reflect.NativeMethodAccessorImpl.invoke0(Native Method)
	at sun.reflect.NativeMethodAccessorImpl.invoke(Unknown Source)
	at sun.reflect.DelegatingMethodAccessorImpl.invoke(Unknown Source)
	at java.lang.reflect.Method.invoke(Unknown Source)
	at org.testng.internal.MethodInvocationHelper.invokeHookable(MethodInvocationHelper.java:212)
	at org.testng.internal.Invoker.invokeMethod(Invoker.java:707)
	at org.testng.internal.Invoker.invokeTestMethod(Invoker.java:901)
	at org.testng.internal.Invoker.invokeTestMethods(Invoker.java:1231)
	at org.testng.internal.TestMethodWorker.invokeTestMethods(TestMethodWorker.java:127)
	at org.testng.internal.TestMethodWorker.run(TestMethodWorker.java:111)
	at org.testng.TestRunner.privateRun(TestRunner.java:767)
	at org.testng.TestRunner.run(TestRunner.java:617)
	at org.testng.SuiteRunner.runTest(SuiteRunner.java:334)
	at org.testng.SuiteRunner.runSequentially(SuiteRunner.java:329)
	at org.testng.SuiteRunner.privateRun(SuiteRunner.java:291)
	at org.testng.SuiteRunner.run(SuiteRunner.java:240)
	at org.testng.SuiteRunnerWorker.runSuite(SuiteRunnerWorker.java:52)
	at org.testng.SuiteRunnerWorker.run(SuiteRunnerWorker.java:86)
	at org.testng.TestNG.runSuitesSequentially(TestNG.java:1224)
	at org.testng.TestNG.runSuitesLocally(TestNG.java:1149)
	at org.testng.TestNG.run(TestNG.java:1057)
	at org.testng.remote.RemoteTestNG.run(RemoteTestNG.java:111)
	at org.testng.remote.RemoteTestNG.initAndRun(RemoteTestNG.java:204)
	at org.testng.remote.RemoteTestNG.main(RemoteTestNG.java:175)
]]>
    </failure>
  </testcase> <!-- switch1 -->
  <testcase name="switch2" time="0.0" classname="com.test.testcase.Candle">
    <skipped/>
  </testcase> <!-- switch2 -->
  <testcase name="switch3" time="0.0" classname="com.test.testcase.Candle">
    <skipped/>
  </testcase> <!-- switch3 -->
  <testcase name="switch4" time="0.031" classname="com.test.testcase.Candle">
    <skipped/>
  </testcase> <!-- switch4 -->
</testsuite> <!-- Default test -->
