<?xml version="1.0" encoding="UTF-8"?>
<!-- Generated by org.testng.reporters.JUnitReportReporter -->
<testsuite hostname="YY090802" name="com.test.testcase.TestCase" tests="1" failures="1" timestamp="7 Dec 2017 07:06:41 GMT" time="0.385" errors="0">
  <testcase name="universalSet" time="0.385" classname="com.test.testcase.TestCase">
    <failure type="org.openqa.selenium.NoSuchElementException" message="An element could not be located on the page using the given search parameters. (WARNING: The server did not provide any stacktrace information)
Command duration or timeout: 334 milliseconds
For documentation on this error, please visit: http://seleniumhq.org/exceptions/no_such_element.html
Build info: version: &#039;2.44.0&#039;, revision: &#039;76d78cf&#039;, time: &#039;2014-10-23 20:03:00&#039;
System info: host: &#039;YY090802&#039;, ip: &#039;192.168.3.250&#039;, os.name: &#039;Windows 7&#039;, os.arch: &#039;x86&#039;, os.version: &#039;6.1&#039;, java.version: &#039;1.7.0_45&#039;
Session ID: 2b915a43-b12c-4889-a2f1-e967199e7013
Driver info: io.appium.java_client.android.AndroidDriver
Capabilities [{automationName=Appium, platform=WINDOWS, javascriptEnabled=true, appActivity=.SmartHomeMainActivity, browserName=Android, networkConnectionEnabled=true, noSign=true, udid=cc51cbdb, desired={automationName=Appium, platform=WINDOWS, appActivity=.SmartHomeMainActivity, noSign=true, udid=cc51cbdb, appPackage=com.xiaomi.smarthome, noReset=true, newCommandTimeout=600, platformVersion=8.0.0, platformName=Android, deviceName=android Emulator, unicodeKeyboard=true, resetKeyboard=true}, locationContextEnabled=false, appPackage=com.xiaomi.smarthome, noReset=true, newCommandTimeout=600, platformVersion=6.0.1, databaseEnabled=false, deviceName=cc51cbdb, platformName=Android, webStorageEnabled=false, unicodeKeyboard=true, resetKeyboard=true, warnings={}, takesScreenshot=true}]">
      <![CDATA[org.openqa.selenium.NoSuchElementException: An element could not be located on the page using the given search parameters. (WARNING: The server did not provide any stacktrace information)
Command duration or timeout: 334 milliseconds
For documentation on this error, please visit: http://seleniumhq.org/exceptions/no_such_element.html
Build info: version: '2.44.0', revision: '76d78cf', time: '2014-10-23 20:03:00'
System info: host: 'YY090802', ip: '192.168.3.250', os.name: 'Windows 7', os.arch: 'x86', os.version: '6.1', java.version: '1.7.0_45'
Session ID: 2b915a43-b12c-4889-a2f1-e967199e7013
Driver info: io.appium.java_client.android.AndroidDriver
Capabilities [{automationName=Appium, platform=WINDOWS, javascriptEnabled=true, appActivity=.SmartHomeMainActivity, browserName=Android, networkConnectionEnabled=true, noSign=true, udid=cc51cbdb, desired={automationName=Appium, platform=WINDOWS, appActivity=.SmartHomeMainActivity, noSign=true, udid=cc51cbdb, appPackage=com.xiaomi.smarthome, noReset=true, newCommandTimeout=600, platformVersion=8.0.0, platformName=Android, deviceName=android Emulator, unicodeKeyboard=true, resetKeyboard=true}, locationContextEnabled=false, appPackage=com.xiaomi.smarthome, noReset=true, newCommandTimeout=600, platformVersion=6.0.1, databaseEnabled=false, deviceName=cc51cbdb, platformName=Android, webStorageEnabled=false, unicodeKeyboard=true, resetKeyboard=true, warnings={}, takesScreenshot=true}]
	at sun.reflect.NativeConstructorAccessorImpl.newInstance0(Native Method)
	at sun.reflect.NativeConstructorAccessorImpl.newInstance(Unknown Source)
	at sun.reflect.DelegatingConstructorAccessorImpl.newInstance(Unknown Source)
	at java.lang.reflect.Constructor.newInstance(Unknown Source)
	at org.openqa.selenium.remote.ErrorHandler.createThrowable(ErrorHandler.java:204)
	at org.openqa.selenium.remote.ErrorHandler.throwIfResponseFailed(ErrorHandler.java:156)
	at org.openqa.selenium.remote.RemoteWebDriver.execute(RemoteWebDriver.java:599)
	at io.appium.java_client.AppiumDriver.execute(AppiumDriver.java:180)
	at org.openqa.selenium.remote.RemoteWebDriver.findElement(RemoteWebDriver.java:352)
	at org.openqa.selenium.remote.RemoteWebDriver.findElementById(RemoteWebDriver.java:393)
	at org.openqa.selenium.By$ById.findElement(By.java:214)
	at org.openqa.selenium.remote.RemoteWebDriver.findElement(RemoteWebDriver.java:344)
	at com.dan.common.Element.find(Element.java:134)
	at com.dan.common.Element.get(Element.java:72)
	at com.dan.common.Element.click(Element.java:446)
	at com.test.testcase.TestCase.universalSet(TestCase.java:110)
	at sun.reflect.NativeMethodAccessorImpl.invoke0(Native Method)
	at sun.reflect.NativeMethodAccessorImpl.invoke(Unknown Source)
	at sun.reflect.DelegatingMethodAccessorImpl.invoke(Unknown Source)
	at java.lang.reflect.Method.invoke(Unknown Source)
	at org.testng.internal.MethodInvocationHelper.invokeMethod(MethodInvocationHelper.java:84)
	at org.testng.internal.MethodInvocationHelper$1.runTestMethod(MethodInvocationHelper.java:200)
	at org.springframework.test.context.testng.AbstractTestNGSpringContextTests.run(AbstractTestNGSpringContextTests.java:157)
	at sun.reflect.NativeMethodAccessorImpl.invoke0(Native Method)
	at sun.reflect.NativeMethodAccessorImpl.invoke(Unknown Source)
	at sun.reflect.DelegatingMethodAccessorImpl.invoke(Unknown Source)
	at java.lang.reflect.Method.invoke(Unknown Source)
	at org.testng.internal.MethodInvocationHelper.invokeHookable(MethodInvocationHelper.java:212)
	at org.testng.internal.Invoker.invokeMethod(Invoker.java:707)
	at org.testng.internal.Invoker.invokeTestMethod(Invoker.java:901)
	at org.testng.internal.Invoker.invokeTestMethods(Invoker.java:1231)
	at org.testng.internal.TestMethodWorker.invokeTestMethods(TestMethodWorker.java:127)
	at org.testng.internal.TestMethodWorker.run(TestMethodWorker.java:111)
	at java.util.concurrent.ThreadPoolExecutor.runWorker(Unknown Source)
	at java.util.concurrent.ThreadPoolExecutor$Worker.run(Unknown Source)
	at java.lang.Thread.run(Unknown Source)
]]>
    </failure>
  </testcase> <!-- universalSet -->
</testsuite> <!-- com.test.testcase.TestCase -->
